2020-07-22 22:13:28,750  INFO [main] test:31 - ================Launching Browser==================
2020-07-22 22:13:40,756  INFO [main] test:47 - ==============Verifying title==================
2020-07-22 22:13:40,953 DEBUG [main] cache:45 - Couldn't find template in cache for "Extent.ftl"("en_US", UTF-8, parsed); will try to load it.
2020-07-22 22:13:40,954 DEBUG [main] cache:45 - TemplateLoader.findTemplateSource("Extent_en_US.ftl"): Not found
2020-07-22 22:13:40,957 DEBUG [main] cache:45 - TemplateLoader.findTemplateSource("Extent_en.ftl"): Not found
2020-07-22 22:13:40,959 DEBUG [main] cache:45 - TemplateLoader.findTemplateSource("Extent.ftl"): Found
2020-07-22 22:13:40,960 DEBUG [main] cache:45 - Loading template for "Extent.ftl"("en_US", UTF-8, parsed) from "jar:file:/C:/Users/ADMIN/.m2/repository/com/relevantcodes/extentreports/2.41.2/extentreports-2.41.2.jar!/com/relevantcodes/extentreports/view/Extent.ftl"
2020-07-22 22:13:41,301  INFO [main] test:68 - ==============Selecting car loan==================
2020-07-22 22:13:43,618 DEBUG [main] cache:45 - Couldn't find template in cache for "Extent.ftl"("en_US", UTF-8, parsed); will try to load it.
2020-07-22 22:13:43,619 DEBUG [main] cache:45 - TemplateLoader.findTemplateSource("Extent_en_US.ftl"): Not found
2020-07-22 22:13:43,619 DEBUG [main] cache:45 - TemplateLoader.findTemplateSource("Extent_en.ftl"): Not found
2020-07-22 22:13:43,620 DEBUG [main] cache:45 - TemplateLoader.findTemplateSource("Extent.ftl"): Found
2020-07-22 22:13:43,620 DEBUG [main] cache:45 - Loading template for "Extent.ftl"("en_US", UTF-8, parsed) from "jar:file:/C:/Users/ADMIN/.m2/repository/com/relevantcodes/extentreports/2.41.2/extentreports-2.41.2.jar!/com/relevantcodes/extentreports/view/Extent.ftl"
2020-07-22 22:13:43,672  INFO [main] test:85 - ==============Enter the loan amount==================
2020-07-22 22:13:46,747 DEBUG [main] cache:45 - Couldn't find template in cache for "Extent.ftl"("en_US", UTF-8, parsed); will try to load it.
2020-07-22 22:13:46,748 DEBUG [main] cache:45 - TemplateLoader.findTemplateSource("Extent_en_US.ftl"): Not found
2020-07-22 22:13:46,749 DEBUG [main] cache:45 - TemplateLoader.findTemplateSource("Extent_en.ftl"): Not found
2020-07-22 22:13:46,750 DEBUG [main] cache:45 - TemplateLoader.findTemplateSource("Extent.ftl"): Found
2020-07-22 22:13:46,750 DEBUG [main] cache:45 - Loading template for "Extent.ftl"("en_US", UTF-8, parsed) from "jar:file:/C:/Users/ADMIN/.m2/repository/com/relevantcodes/extentreports/2.41.2/extentreports-2.41.2.jar!/com/relevantcodes/extentreports/view/Extent.ftl"
2020-07-22 22:13:46,784  INFO [main] test:102 - ==============Enter the interest rate==================
2020-07-22 22:13:49,010 DEBUG [main] cache:45 - Couldn't find template in cache for "Extent.ftl"("en_US", UTF-8, parsed); will try to load it.
2020-07-22 22:13:49,011 DEBUG [main] cache:45 - TemplateLoader.findTemplateSource("Extent_en_US.ftl"): Not found
2020-07-22 22:13:49,011 DEBUG [main] cache:45 - TemplateLoader.findTemplateSource("Extent_en.ftl"): Not found
2020-07-22 22:13:49,012 DEBUG [main] cache:45 - TemplateLoader.findTemplateSource("Extent.ftl"): Found
2020-07-22 22:13:49,012 DEBUG [main] cache:45 - Loading template for "Extent.ftl"("en_US", UTF-8, parsed) from "jar:file:/C:/Users/ADMIN/.m2/repository/com/relevantcodes/extentreports/2.41.2/extentreports-2.41.2.jar!/com/relevantcodes/extentreports/view/Extent.ftl"
2020-07-22 22:13:49,049  INFO [main] test:119 - ==============Enter the tenure==================
2020-07-22 22:13:51,227 DEBUG [main] cache:45 - Couldn't find template in cache for "Extent.ftl"("en_US", UTF-8, parsed); will try to load it.
2020-07-22 22:13:51,228 DEBUG [main] cache:45 - TemplateLoader.findTemplateSource("Extent_en_US.ftl"): Not found
2020-07-22 22:13:51,228 DEBUG [main] cache:45 - TemplateLoader.findTemplateSource("Extent_en.ftl"): Not found
2020-07-22 22:13:51,229 DEBUG [main] cache:45 - TemplateLoader.findTemplateSource("Extent.ftl"): Found
2020-07-22 22:13:51,229 DEBUG [main] cache:45 - Loading template for "Extent.ftl"("en_US", UTF-8, parsed) from "jar:file:/C:/Users/ADMIN/.m2/repository/com/relevantcodes/extentreports/2.41.2/extentreports-2.41.2.jar!/com/relevantcodes/extentreports/view/Extent.ftl"
2020-07-22 22:13:51,266  INFO [main] test:136 - ==============Calculating the total amount and interest==================
2020-07-22 22:13:52,007 DEBUG [main] cache:45 - Couldn't find template in cache for "Extent.ftl"("en_US", UTF-8, parsed); will try to load it.
2020-07-22 22:13:52,008 DEBUG [main] cache:45 - TemplateLoader.findTemplateSource("Extent_en_US.ftl"): Not found
2020-07-22 22:13:52,008 DEBUG [main] cache:45 - TemplateLoader.findTemplateSource("Extent_en.ftl"): Not found
2020-07-22 22:13:52,009 DEBUG [main] cache:45 - TemplateLoader.findTemplateSource("Extent.ftl"): Found
2020-07-22 22:13:52,009 DEBUG [main] cache:45 - Loading template for "Extent.ftl"("en_US", UTF-8, parsed) from "jar:file:/C:/Users/ADMIN/.m2/repository/com/relevantcodes/extentreports/2.41.2/extentreports-2.41.2.jar!/com/relevantcodes/extentreports/view/Extent.ftl"
2020-07-22 22:13:52,046  INFO [main] test:153 - ==============Viewing the loan graph==================
2020-07-22 22:13:55,062 DEBUG [main] cache:45 - Couldn't find template in cache for "Extent.ftl"("en_US", UTF-8, parsed); will try to load it.
2020-07-22 22:13:55,063 DEBUG [main] cache:45 - TemplateLoader.findTemplateSource("Extent_en_US.ftl"): Not found
2020-07-22 22:13:55,063 DEBUG [main] cache:45 - TemplateLoader.findTemplateSource("Extent_en.ftl"): Not found
2020-07-22 22:13:55,064 DEBUG [main] cache:45 - TemplateLoader.findTemplateSource("Extent.ftl"): Found
2020-07-22 22:13:55,064 DEBUG [main] cache:45 - Loading template for "Extent.ftl"("en_US", UTF-8, parsed) from "jar:file:/C:/Users/ADMIN/.m2/repository/com/relevantcodes/extentreports/2.41.2/extentreports-2.41.2.jar!/com/relevantcodes/extentreports/view/Extent.ftl"
2020-07-22 22:13:55,101  INFO [main] test:170 - ==============Taking the screen shot of the graph==================
2020-07-22 22:13:55,211 DEBUG [main] cache:45 - Couldn't find template in cache for "Extent.ftl"("en_US", UTF-8, parsed); will try to load it.
2020-07-22 22:13:55,212 DEBUG [main] cache:45 - TemplateLoader.findTemplateSource("Extent_en_US.ftl"): Not found
2020-07-22 22:13:55,212 DEBUG [main] cache:45 - TemplateLoader.findTemplateSource("Extent_en.ftl"): Not found
2020-07-22 22:13:55,212 DEBUG [main] cache:45 - TemplateLoader.findTemplateSource("Extent.ftl"): Found
2020-07-22 22:13:55,213 DEBUG [main] cache:45 - Loading template for "Extent.ftl"("en_US", UTF-8, parsed) from "jar:file:/C:/Users/ADMIN/.m2/repository/com/relevantcodes/extentreports/2.41.2/extentreports-2.41.2.jar!/com/relevantcodes/extentreports/view/Extent.ftl"
2020-07-22 22:13:55,241  INFO [main] test:188 - ==============Generating the amount and interest for the first month==================
2020-07-22 22:13:58,404 DEBUG [main] cache:45 - Couldn't find template in cache for "Extent.ftl"("en_US", UTF-8, parsed); will try to load it.
2020-07-22 22:13:58,405 DEBUG [main] cache:45 - TemplateLoader.findTemplateSource("Extent_en_US.ftl"): Not found
2020-07-22 22:13:58,405 DEBUG [main] cache:45 - TemplateLoader.findTemplateSource("Extent_en.ftl"): Not found
2020-07-22 22:13:58,405 DEBUG [main] cache:45 - TemplateLoader.findTemplateSource("Extent.ftl"): Found
2020-07-22 22:13:58,405 DEBUG [main] cache:45 - Loading template for "Extent.ftl"("en_US", UTF-8, parsed) from "jar:file:/C:/Users/ADMIN/.m2/repository/com/relevantcodes/extentreports/2.41.2/extentreports-2.41.2.jar!/com/relevantcodes/extentreports/view/Extent.ftl"
2020-07-22 22:13:58,433  INFO [main] test:210 - ==============Writing the details in excel file==================
2020-07-22 22:13:58,655 DEBUG [main] cache:45 - Couldn't find template in cache for "Extent.ftl"("en_US", UTF-8, parsed); will try to load it.
2020-07-22 22:13:58,656 DEBUG [main] cache:45 - TemplateLoader.findTemplateSource("Extent_en_US.ftl"): Not found
2020-07-22 22:13:58,657 DEBUG [main] cache:45 - TemplateLoader.findTemplateSource("Extent_en.ftl"): Not found
2020-07-22 22:13:58,658 DEBUG [main] cache:45 - TemplateLoader.findTemplateSource("Extent.ftl"): Found
2020-07-22 22:13:58,661 DEBUG [main] cache:45 - Loading template for "Extent.ftl"("en_US", UTF-8, parsed) from "jar:file:/C:/Users/ADMIN/.m2/repository/com/relevantcodes/extentreports/2.41.2/extentreports-2.41.2.jar!/com/relevantcodes/extentreports/view/Extent.ftl"
2020-07-22 22:13:58,687  INFO [main] test:226 - ================Closing Browser==================
